ARM GAS  C:\Users\Cairne\AppData\Local\Temp\ccj9JS16.s 			page 1


   1              		.cpu cortex-m4
   2              		.eabi_attribute 27, 1
   3              		.eabi_attribute 28, 1
   4              		.eabi_attribute 20, 1
   5              		.eabi_attribute 21, 1
   6              		.eabi_attribute 23, 3
   7              		.eabi_attribute 24, 1
   8              		.eabi_attribute 25, 1
   9              		.eabi_attribute 26, 1
  10              		.eabi_attribute 30, 1
  11              		.eabi_attribute 34, 1
  12              		.eabi_attribute 18, 4
  13              		.file	"gpio.c"
  14              		.text
  15              	.Ltext0:
  16              		.cfi_sections	.debug_frame
  17              		.section	.text.MX_GPIO_Init,"ax",%progbits
  18              		.align	1
  19              		.global	MX_GPIO_Init
  20              		.syntax unified
  21              		.thumb
  22              		.thumb_func
  23              		.fpu fpv4-sp-d16
  25              	MX_GPIO_Init:
  26              	.LFB130:
  27              		.file 1 "Src/gpio.c"
   1:Src/gpio.c    **** /**
   2:Src/gpio.c    ****   ******************************************************************************
   3:Src/gpio.c    ****   * File Name          : gpio.c
   4:Src/gpio.c    ****   * Description        : This file provides code for the configuration
   5:Src/gpio.c    ****   *                      of all used GPIO pins.
   6:Src/gpio.c    ****   ******************************************************************************
   7:Src/gpio.c    ****   * @attention
   8:Src/gpio.c    ****   *
   9:Src/gpio.c    ****   * <h2><center>&copy; Copyright (c) 2019 STMicroelectronics.
  10:Src/gpio.c    ****   * All rights reserved.</center></h2>
  11:Src/gpio.c    ****   *
  12:Src/gpio.c    ****   * This software component is licensed by ST under BSD 3-Clause license,
  13:Src/gpio.c    ****   * the "License"; You may not use this file except in compliance with the
  14:Src/gpio.c    ****   * License. You may obtain a copy of the License at:
  15:Src/gpio.c    ****   *                        opensource.org/licenses/BSD-3-Clause
  16:Src/gpio.c    ****   *
  17:Src/gpio.c    ****   ******************************************************************************
  18:Src/gpio.c    ****   */
  19:Src/gpio.c    **** 
  20:Src/gpio.c    **** /* Includes ------------------------------------------------------------------*/
  21:Src/gpio.c    **** #include "gpio.h"
  22:Src/gpio.c    **** /* USER CODE BEGIN 0 */
  23:Src/gpio.c    **** 
  24:Src/gpio.c    **** /* USER CODE END 0 */
  25:Src/gpio.c    **** 
  26:Src/gpio.c    **** /*----------------------------------------------------------------------------*/
  27:Src/gpio.c    **** /* Configure GPIO                                                             */
  28:Src/gpio.c    **** /*----------------------------------------------------------------------------*/
  29:Src/gpio.c    **** /* USER CODE BEGIN 1 */
  30:Src/gpio.c    **** 
  31:Src/gpio.c    **** /* USER CODE END 1 */
ARM GAS  C:\Users\Cairne\AppData\Local\Temp\ccj9JS16.s 			page 2


  32:Src/gpio.c    **** 
  33:Src/gpio.c    **** /** Configure pins as 
  34:Src/gpio.c    ****         * Analog 
  35:Src/gpio.c    ****         * Input 
  36:Src/gpio.c    ****         * Output
  37:Src/gpio.c    ****         * EVENT_OUT
  38:Src/gpio.c    ****         * EXTI
  39:Src/gpio.c    **** */
  40:Src/gpio.c    **** void MX_GPIO_Init(void)
  41:Src/gpio.c    **** {
  28              		.loc 1 41 0
  29              		.cfi_startproc
  30              		@ args = 0, pretend = 0, frame = 40
  31              		@ frame_needed = 0, uses_anonymous_args = 0
  32 0000 70B5     		push	{r4, r5, r6, lr}
  33              	.LCFI0:
  34              		.cfi_def_cfa_offset 16
  35              		.cfi_offset 4, -16
  36              		.cfi_offset 5, -12
  37              		.cfi_offset 6, -8
  38              		.cfi_offset 14, -4
  39 0002 8AB0     		sub	sp, sp, #40
  40              	.LCFI1:
  41              		.cfi_def_cfa_offset 56
  42:Src/gpio.c    **** 
  43:Src/gpio.c    ****   GPIO_InitTypeDef GPIO_InitStruct = {0};
  42              		.loc 1 43 0
  43 0004 0024     		movs	r4, #0
  44 0006 0594     		str	r4, [sp, #20]
  45 0008 0694     		str	r4, [sp, #24]
  46 000a 0794     		str	r4, [sp, #28]
  47 000c 0894     		str	r4, [sp, #32]
  48 000e 0994     		str	r4, [sp, #36]
  49              	.LBB2:
  44:Src/gpio.c    **** 
  45:Src/gpio.c    ****   /* GPIO Ports Clock Enable */
  46:Src/gpio.c    ****   __HAL_RCC_GPIOH_CLK_ENABLE();
  50              		.loc 1 46 0
  51 0010 0194     		str	r4, [sp, #4]
  52 0012 274B     		ldr	r3, .L3
  53 0014 1A6B     		ldr	r2, [r3, #48]
  54 0016 42F08002 		orr	r2, r2, #128
  55 001a 1A63     		str	r2, [r3, #48]
  56 001c 1A6B     		ldr	r2, [r3, #48]
  57 001e 02F08002 		and	r2, r2, #128
  58 0022 0192     		str	r2, [sp, #4]
  59 0024 019A     		ldr	r2, [sp, #4]
  60              	.LBE2:
  61              	.LBB3:
  47:Src/gpio.c    ****   __HAL_RCC_GPIOC_CLK_ENABLE();
  62              		.loc 1 47 0
  63 0026 0294     		str	r4, [sp, #8]
  64 0028 1A6B     		ldr	r2, [r3, #48]
  65 002a 42F00402 		orr	r2, r2, #4
  66 002e 1A63     		str	r2, [r3, #48]
  67 0030 1A6B     		ldr	r2, [r3, #48]
  68 0032 02F00402 		and	r2, r2, #4
ARM GAS  C:\Users\Cairne\AppData\Local\Temp\ccj9JS16.s 			page 3


  69 0036 0292     		str	r2, [sp, #8]
  70 0038 029A     		ldr	r2, [sp, #8]
  71              	.LBE3:
  72              	.LBB4:
  48:Src/gpio.c    ****   __HAL_RCC_GPIOA_CLK_ENABLE();
  73              		.loc 1 48 0
  74 003a 0394     		str	r4, [sp, #12]
  75 003c 1A6B     		ldr	r2, [r3, #48]
  76 003e 42F00102 		orr	r2, r2, #1
  77 0042 1A63     		str	r2, [r3, #48]
  78 0044 1A6B     		ldr	r2, [r3, #48]
  79 0046 02F00102 		and	r2, r2, #1
  80 004a 0392     		str	r2, [sp, #12]
  81 004c 039A     		ldr	r2, [sp, #12]
  82              	.LBE4:
  83              	.LBB5:
  49:Src/gpio.c    ****   __HAL_RCC_GPIOB_CLK_ENABLE();
  84              		.loc 1 49 0
  85 004e 0494     		str	r4, [sp, #16]
  86 0050 1A6B     		ldr	r2, [r3, #48]
  87 0052 42F00202 		orr	r2, r2, #2
  88 0056 1A63     		str	r2, [r3, #48]
  89 0058 1B6B     		ldr	r3, [r3, #48]
  90 005a 03F00203 		and	r3, r3, #2
  91 005e 0493     		str	r3, [sp, #16]
  92 0060 049B     		ldr	r3, [sp, #16]
  93              	.LBE5:
  50:Src/gpio.c    **** 
  51:Src/gpio.c    ****   /*Configure GPIO pin Output Level */
  52:Src/gpio.c    ****   HAL_GPIO_WritePin(GPIOB, PWM1_L_Pin|PWM2_L_Pin|PWM3_L_Pin, GPIO_PIN_RESET);
  94              		.loc 1 52 0
  95 0062 144D     		ldr	r5, .L3+4
  96 0064 2246     		mov	r2, r4
  97 0066 4FF46041 		mov	r1, #57344
  98 006a 2846     		mov	r0, r5
  99 006c FFF7FEFF 		bl	HAL_GPIO_WritePin
 100              	.LVL0:
  53:Src/gpio.c    **** 
  54:Src/gpio.c    ****   /*Configure GPIO pins : PCPin PCPin PCPin PCPin */
  55:Src/gpio.c    ****   GPIO_InitStruct.Pin = RUN_Pin|HALL_A_Pin|HALL_B_Pin|HALL_C_Pin;
 101              		.loc 1 55 0
 102 0070 4FF4F073 		mov	r3, #480
 103 0074 0593     		str	r3, [sp, #20]
  56:Src/gpio.c    ****   GPIO_InitStruct.Mode = GPIO_MODE_INPUT;
 104              		.loc 1 56 0
 105 0076 0694     		str	r4, [sp, #24]
  57:Src/gpio.c    ****   GPIO_InitStruct.Pull = GPIO_PULLUP;
 106              		.loc 1 57 0
 107 0078 0126     		movs	r6, #1
 108 007a 0796     		str	r6, [sp, #28]
  58:Src/gpio.c    ****   HAL_GPIO_Init(GPIOC, &GPIO_InitStruct);
 109              		.loc 1 58 0
 110 007c 05A9     		add	r1, sp, #20
 111 007e 0E48     		ldr	r0, .L3+8
 112 0080 FFF7FEFF 		bl	HAL_GPIO_Init
 113              	.LVL1:
  59:Src/gpio.c    **** 
ARM GAS  C:\Users\Cairne\AppData\Local\Temp\ccj9JS16.s 			page 4


  60:Src/gpio.c    ****   /*Configure GPIO pins : PBPin PBPin PBPin PBPin */
  61:Src/gpio.c    ****   GPIO_InitStruct.Pin = STOP_Pin|UP_Pin|DOWN_Pin|DIR_Pin;
 114              		.loc 1 61 0
 115 0084 41F60243 		movw	r3, #7170
 116 0088 0593     		str	r3, [sp, #20]
  62:Src/gpio.c    ****   GPIO_InitStruct.Mode = GPIO_MODE_INPUT;
 117              		.loc 1 62 0
 118 008a 0694     		str	r4, [sp, #24]
  63:Src/gpio.c    ****   GPIO_InitStruct.Pull = GPIO_PULLUP;
 119              		.loc 1 63 0
 120 008c 0796     		str	r6, [sp, #28]
  64:Src/gpio.c    ****   HAL_GPIO_Init(GPIOB, &GPIO_InitStruct);
 121              		.loc 1 64 0
 122 008e 05A9     		add	r1, sp, #20
 123 0090 2846     		mov	r0, r5
 124 0092 FFF7FEFF 		bl	HAL_GPIO_Init
 125              	.LVL2:
  65:Src/gpio.c    **** 
  66:Src/gpio.c    ****   /*Configure GPIO pins : PBPin PBPin PBPin */
  67:Src/gpio.c    ****   GPIO_InitStruct.Pin = PWM1_L_Pin|PWM2_L_Pin|PWM3_L_Pin;
 126              		.loc 1 67 0
 127 0096 4FF46043 		mov	r3, #57344
 128 009a 0593     		str	r3, [sp, #20]
  68:Src/gpio.c    ****   GPIO_InitStruct.Mode = GPIO_MODE_OUTPUT_PP;
 129              		.loc 1 68 0
 130 009c 0696     		str	r6, [sp, #24]
  69:Src/gpio.c    ****   GPIO_InitStruct.Pull = GPIO_NOPULL;
 131              		.loc 1 69 0
 132 009e 0794     		str	r4, [sp, #28]
  70:Src/gpio.c    ****   GPIO_InitStruct.Speed = GPIO_SPEED_FREQ_HIGH;
 133              		.loc 1 70 0
 134 00a0 0223     		movs	r3, #2
 135 00a2 0893     		str	r3, [sp, #32]
  71:Src/gpio.c    ****   HAL_GPIO_Init(GPIOB, &GPIO_InitStruct);
 136              		.loc 1 71 0
 137 00a4 05A9     		add	r1, sp, #20
 138 00a6 2846     		mov	r0, r5
 139 00a8 FFF7FEFF 		bl	HAL_GPIO_Init
 140              	.LVL3:
  72:Src/gpio.c    **** 
  73:Src/gpio.c    **** }
 141              		.loc 1 73 0
 142 00ac 0AB0     		add	sp, sp, #40
 143              	.LCFI2:
 144              		.cfi_def_cfa_offset 16
 145              		@ sp needed
 146 00ae 70BD     		pop	{r4, r5, r6, pc}
 147              	.L4:
 148              		.align	2
 149              	.L3:
 150 00b0 00380240 		.word	1073887232
 151 00b4 00040240 		.word	1073873920
 152 00b8 00080240 		.word	1073874944
 153              		.cfi_endproc
 154              	.LFE130:
 156              		.text
 157              	.Letext0:
ARM GAS  C:\Users\Cairne\AppData\Local\Temp\ccj9JS16.s 			page 5


 158              		.file 2 "c:\\program files (x86)\\gnu tools arm embedded\\7 2018-q2-update\\arm-none-eabi\\include
 159              		.file 3 "c:\\program files (x86)\\gnu tools arm embedded\\7 2018-q2-update\\arm-none-eabi\\include
 160              		.file 4 "Drivers/CMSIS/Include/core_cm4.h"
 161              		.file 5 "Drivers/CMSIS/Device/ST/STM32F4xx/Include/system_stm32f4xx.h"
 162              		.file 6 "Drivers/CMSIS/Device/ST/STM32F4xx/Include/stm32f405xx.h"
 163              		.file 7 "Drivers/STM32F4xx_HAL_Driver/Inc/stm32f4xx_hal_gpio.h"
ARM GAS  C:\Users\Cairne\AppData\Local\Temp\ccj9JS16.s 			page 6


DEFINED SYMBOLS
                            *ABS*:00000000 gpio.c
C:\Users\Cairne\AppData\Local\Temp\ccj9JS16.s:18     .text.MX_GPIO_Init:00000000 $t
C:\Users\Cairne\AppData\Local\Temp\ccj9JS16.s:25     .text.MX_GPIO_Init:00000000 MX_GPIO_Init
C:\Users\Cairne\AppData\Local\Temp\ccj9JS16.s:150    .text.MX_GPIO_Init:000000b0 $d

UNDEFINED SYMBOLS
HAL_GPIO_WritePin
HAL_GPIO_Init
