ARM GAS  C:\Users\Cairne\AppData\Local\Temp\cc3kL0ld.s 			page 1


   1              		.cpu cortex-m4
   2              		.eabi_attribute 27, 1
   3              		.eabi_attribute 28, 1
   4              		.eabi_attribute 20, 1
   5              		.eabi_attribute 21, 1
   6              		.eabi_attribute 23, 3
   7              		.eabi_attribute 24, 1
   8              		.eabi_attribute 25, 1
   9              		.eabi_attribute 26, 1
  10              		.eabi_attribute 30, 1
  11              		.eabi_attribute 34, 1
  12              		.eabi_attribute 18, 4
  13              		.file	"tim.c"
  14              		.text
  15              	.Ltext0:
  16              		.cfi_sections	.debug_frame
  17              		.section	.text.HAL_TIM_PWM_MspInit,"ax",%progbits
  18              		.align	1
  19              		.global	HAL_TIM_PWM_MspInit
  20              		.syntax unified
  21              		.thumb
  22              		.thumb_func
  23              		.fpu fpv4-sp-d16
  25              	HAL_TIM_PWM_MspInit:
  26              	.LFB131:
  27              		.file 1 "Src/tim.c"
   1:Src/tim.c     **** /**
   2:Src/tim.c     ****   ******************************************************************************
   3:Src/tim.c     ****   * File Name          : TIM.c
   4:Src/tim.c     ****   * Description        : This file provides code for the configuration
   5:Src/tim.c     ****   *                      of the TIM instances.
   6:Src/tim.c     ****   ******************************************************************************
   7:Src/tim.c     ****   * @attention
   8:Src/tim.c     ****   *
   9:Src/tim.c     ****   * <h2><center>&copy; Copyright (c) 2019 STMicroelectronics.
  10:Src/tim.c     ****   * All rights reserved.</center></h2>
  11:Src/tim.c     ****   *
  12:Src/tim.c     ****   * This software component is licensed by ST under BSD 3-Clause license,
  13:Src/tim.c     ****   * the "License"; You may not use this file except in compliance with the
  14:Src/tim.c     ****   * License. You may obtain a copy of the License at:
  15:Src/tim.c     ****   *                        opensource.org/licenses/BSD-3-Clause
  16:Src/tim.c     ****   *
  17:Src/tim.c     ****   ******************************************************************************
  18:Src/tim.c     ****   */
  19:Src/tim.c     **** 
  20:Src/tim.c     **** /* Includes ------------------------------------------------------------------*/
  21:Src/tim.c     **** #include "tim.h"
  22:Src/tim.c     **** 
  23:Src/tim.c     **** /* USER CODE BEGIN 0 */
  24:Src/tim.c     **** 
  25:Src/tim.c     **** /* USER CODE END 0 */
  26:Src/tim.c     **** 
  27:Src/tim.c     **** TIM_HandleTypeDef htim1;
  28:Src/tim.c     **** 
  29:Src/tim.c     **** /* TIM1 init function */
  30:Src/tim.c     **** void MX_TIM1_Init(void)
  31:Src/tim.c     **** {
ARM GAS  C:\Users\Cairne\AppData\Local\Temp\cc3kL0ld.s 			page 2


  32:Src/tim.c     ****   TIM_MasterConfigTypeDef sMasterConfig = {0};
  33:Src/tim.c     ****   TIM_OC_InitTypeDef sConfigOC = {0};
  34:Src/tim.c     ****   TIM_BreakDeadTimeConfigTypeDef sBreakDeadTimeConfig = {0};
  35:Src/tim.c     **** 
  36:Src/tim.c     ****   htim1.Instance = TIM1;
  37:Src/tim.c     ****   htim1.Init.Prescaler = 0;
  38:Src/tim.c     ****   htim1.Init.CounterMode = TIM_COUNTERMODE_UP;
  39:Src/tim.c     ****   htim1.Init.Period = 9883;
  40:Src/tim.c     ****   htim1.Init.ClockDivision = TIM_CLOCKDIVISION_DIV1;
  41:Src/tim.c     ****   htim1.Init.RepetitionCounter = 0;
  42:Src/tim.c     ****   htim1.Init.AutoReloadPreload = TIM_AUTORELOAD_PRELOAD_DISABLE;
  43:Src/tim.c     ****   if (HAL_TIM_PWM_Init(&htim1) != HAL_OK)
  44:Src/tim.c     ****   {
  45:Src/tim.c     ****     Error_Handler();
  46:Src/tim.c     ****   }
  47:Src/tim.c     ****   sMasterConfig.MasterOutputTrigger = TIM_TRGO_RESET;
  48:Src/tim.c     ****   sMasterConfig.MasterSlaveMode = TIM_MASTERSLAVEMODE_DISABLE;
  49:Src/tim.c     ****   if (HAL_TIMEx_MasterConfigSynchronization(&htim1, &sMasterConfig) != HAL_OK)
  50:Src/tim.c     ****   {
  51:Src/tim.c     ****     Error_Handler();
  52:Src/tim.c     ****   }
  53:Src/tim.c     ****   sConfigOC.OCMode = TIM_OCMODE_PWM1;
  54:Src/tim.c     ****   sConfigOC.Pulse = 0;
  55:Src/tim.c     ****   sConfigOC.OCPolarity = TIM_OCPOLARITY_HIGH;
  56:Src/tim.c     ****   sConfigOC.OCNPolarity = TIM_OCNPOLARITY_HIGH;
  57:Src/tim.c     ****   sConfigOC.OCFastMode = TIM_OCFAST_DISABLE;
  58:Src/tim.c     ****   sConfigOC.OCIdleState = TIM_OCIDLESTATE_RESET;
  59:Src/tim.c     ****   sConfigOC.OCNIdleState = TIM_OCNIDLESTATE_RESET;
  60:Src/tim.c     ****   if (HAL_TIM_PWM_ConfigChannel(&htim1, &sConfigOC, TIM_CHANNEL_1) != HAL_OK)
  61:Src/tim.c     ****   {
  62:Src/tim.c     ****     Error_Handler();
  63:Src/tim.c     ****   }
  64:Src/tim.c     ****   if (HAL_TIM_PWM_ConfigChannel(&htim1, &sConfigOC, TIM_CHANNEL_2) != HAL_OK)
  65:Src/tim.c     ****   {
  66:Src/tim.c     ****     Error_Handler();
  67:Src/tim.c     ****   }
  68:Src/tim.c     ****   if (HAL_TIM_PWM_ConfigChannel(&htim1, &sConfigOC, TIM_CHANNEL_3) != HAL_OK)
  69:Src/tim.c     ****   {
  70:Src/tim.c     ****     Error_Handler();
  71:Src/tim.c     ****   }
  72:Src/tim.c     ****   sBreakDeadTimeConfig.OffStateRunMode = TIM_OSSR_DISABLE;
  73:Src/tim.c     ****   sBreakDeadTimeConfig.OffStateIDLEMode = TIM_OSSI_DISABLE;
  74:Src/tim.c     ****   sBreakDeadTimeConfig.LockLevel = TIM_LOCKLEVEL_OFF;
  75:Src/tim.c     ****   sBreakDeadTimeConfig.DeadTime = 0;
  76:Src/tim.c     ****   sBreakDeadTimeConfig.BreakState = TIM_BREAK_DISABLE;
  77:Src/tim.c     ****   sBreakDeadTimeConfig.BreakPolarity = TIM_BREAKPOLARITY_HIGH;
  78:Src/tim.c     ****   sBreakDeadTimeConfig.AutomaticOutput = TIM_AUTOMATICOUTPUT_DISABLE;
  79:Src/tim.c     ****   if (HAL_TIMEx_ConfigBreakDeadTime(&htim1, &sBreakDeadTimeConfig) != HAL_OK)
  80:Src/tim.c     ****   {
  81:Src/tim.c     ****     Error_Handler();
  82:Src/tim.c     ****   }
  83:Src/tim.c     ****   HAL_TIM_MspPostInit(&htim1);
  84:Src/tim.c     **** 
  85:Src/tim.c     **** }
  86:Src/tim.c     **** 
  87:Src/tim.c     **** void HAL_TIM_PWM_MspInit(TIM_HandleTypeDef* tim_pwmHandle)
  88:Src/tim.c     **** {
ARM GAS  C:\Users\Cairne\AppData\Local\Temp\cc3kL0ld.s 			page 3


  28              		.loc 1 88 0
  29              		.cfi_startproc
  30              		@ args = 0, pretend = 0, frame = 8
  31              		@ frame_needed = 0, uses_anonymous_args = 0
  32              	.LVL0:
  89:Src/tim.c     **** 
  90:Src/tim.c     ****   if(tim_pwmHandle->Instance==TIM1)
  33              		.loc 1 90 0
  34 0000 0268     		ldr	r2, [r0]
  35 0002 0E4B     		ldr	r3, .L8
  36 0004 9A42     		cmp	r2, r3
  37 0006 00D0     		beq	.L7
  38 0008 7047     		bx	lr
  39              	.L7:
  88:Src/tim.c     **** 
  40              		.loc 1 88 0
  41 000a 00B5     		push	{lr}
  42              	.LCFI0:
  43              		.cfi_def_cfa_offset 4
  44              		.cfi_offset 14, -4
  45 000c 83B0     		sub	sp, sp, #12
  46              	.LCFI1:
  47              		.cfi_def_cfa_offset 16
  48              	.LBB2:
  91:Src/tim.c     ****   {
  92:Src/tim.c     ****   /* USER CODE BEGIN TIM1_MspInit 0 */
  93:Src/tim.c     **** 
  94:Src/tim.c     ****   /* USER CODE END TIM1_MspInit 0 */
  95:Src/tim.c     ****     /* TIM1 clock enable */
  96:Src/tim.c     ****     __HAL_RCC_TIM1_CLK_ENABLE();
  49              		.loc 1 96 0
  50 000e 0021     		movs	r1, #0
  51 0010 0191     		str	r1, [sp, #4]
  52 0012 03F59C33 		add	r3, r3, #79872
  53 0016 5A6C     		ldr	r2, [r3, #68]
  54 0018 42F00102 		orr	r2, r2, #1
  55 001c 5A64     		str	r2, [r3, #68]
  56 001e 5B6C     		ldr	r3, [r3, #68]
  57 0020 03F00103 		and	r3, r3, #1
  58 0024 0193     		str	r3, [sp, #4]
  59 0026 019B     		ldr	r3, [sp, #4]
  60              	.LBE2:
  97:Src/tim.c     **** 
  98:Src/tim.c     ****     /* TIM1 interrupt Init */
  99:Src/tim.c     ****     HAL_NVIC_SetPriority(TIM1_UP_TIM10_IRQn, 0, 0);
  61              		.loc 1 99 0
  62 0028 0A46     		mov	r2, r1
  63 002a 1920     		movs	r0, #25
  64              	.LVL1:
  65 002c FFF7FEFF 		bl	HAL_NVIC_SetPriority
  66              	.LVL2:
 100:Src/tim.c     ****     HAL_NVIC_EnableIRQ(TIM1_UP_TIM10_IRQn);
  67              		.loc 1 100 0
  68 0030 1920     		movs	r0, #25
  69 0032 FFF7FEFF 		bl	HAL_NVIC_EnableIRQ
  70              	.LVL3:
 101:Src/tim.c     ****   /* USER CODE BEGIN TIM1_MspInit 1 */
ARM GAS  C:\Users\Cairne\AppData\Local\Temp\cc3kL0ld.s 			page 4


 102:Src/tim.c     **** 
 103:Src/tim.c     ****   /* USER CODE END TIM1_MspInit 1 */
 104:Src/tim.c     ****   }
 105:Src/tim.c     **** }
  71              		.loc 1 105 0
  72 0036 03B0     		add	sp, sp, #12
  73              	.LCFI2:
  74              		.cfi_def_cfa_offset 4
  75              		@ sp needed
  76 0038 5DF804FB 		ldr	pc, [sp], #4
  77              	.L9:
  78              		.align	2
  79              	.L8:
  80 003c 00000140 		.word	1073807360
  81              		.cfi_endproc
  82              	.LFE131:
  84              		.section	.text.HAL_TIM_MspPostInit,"ax",%progbits
  85              		.align	1
  86              		.global	HAL_TIM_MspPostInit
  87              		.syntax unified
  88              		.thumb
  89              		.thumb_func
  90              		.fpu fpv4-sp-d16
  92              	HAL_TIM_MspPostInit:
  93              	.LFB132:
 106:Src/tim.c     **** void HAL_TIM_MspPostInit(TIM_HandleTypeDef* timHandle)
 107:Src/tim.c     **** {
  94              		.loc 1 107 0
  95              		.cfi_startproc
  96              		@ args = 0, pretend = 0, frame = 24
  97              		@ frame_needed = 0, uses_anonymous_args = 0
  98              	.LVL4:
  99 0000 00B5     		push	{lr}
 100              	.LCFI3:
 101              		.cfi_def_cfa_offset 4
 102              		.cfi_offset 14, -4
 103 0002 87B0     		sub	sp, sp, #28
 104              	.LCFI4:
 105              		.cfi_def_cfa_offset 32
 108:Src/tim.c     **** 
 109:Src/tim.c     ****   GPIO_InitTypeDef GPIO_InitStruct = {0};
 106              		.loc 1 109 0
 107 0004 0023     		movs	r3, #0
 108 0006 0193     		str	r3, [sp, #4]
 109 0008 0293     		str	r3, [sp, #8]
 110 000a 0393     		str	r3, [sp, #12]
 111 000c 0493     		str	r3, [sp, #16]
 112 000e 0593     		str	r3, [sp, #20]
 110:Src/tim.c     ****   if(timHandle->Instance==TIM1)
 113              		.loc 1 110 0
 114 0010 0268     		ldr	r2, [r0]
 115 0012 0F4B     		ldr	r3, .L14
 116 0014 9A42     		cmp	r2, r3
 117 0016 02D0     		beq	.L13
 118              	.LVL5:
 119              	.L10:
 111:Src/tim.c     ****   {
ARM GAS  C:\Users\Cairne\AppData\Local\Temp\cc3kL0ld.s 			page 5


 112:Src/tim.c     ****   /* USER CODE BEGIN TIM1_MspPostInit 0 */
 113:Src/tim.c     **** 
 114:Src/tim.c     ****   /* USER CODE END TIM1_MspPostInit 0 */
 115:Src/tim.c     ****   
 116:Src/tim.c     ****     __HAL_RCC_GPIOA_CLK_ENABLE();
 117:Src/tim.c     ****     /**TIM1 GPIO Configuration    
 118:Src/tim.c     ****     PA8     ------> TIM1_CH1
 119:Src/tim.c     ****     PA9     ------> TIM1_CH2
 120:Src/tim.c     ****     PA10     ------> TIM1_CH3 
 121:Src/tim.c     ****     */
 122:Src/tim.c     ****     GPIO_InitStruct.Pin = PWM1_H_Pin|PWM2_H_Pin|PWM3_H_Pin;
 123:Src/tim.c     ****     GPIO_InitStruct.Mode = GPIO_MODE_AF_PP;
 124:Src/tim.c     ****     GPIO_InitStruct.Pull = GPIO_NOPULL;
 125:Src/tim.c     ****     GPIO_InitStruct.Speed = GPIO_SPEED_FREQ_HIGH;
 126:Src/tim.c     ****     GPIO_InitStruct.Alternate = GPIO_AF1_TIM1;
 127:Src/tim.c     ****     HAL_GPIO_Init(GPIOA, &GPIO_InitStruct);
 128:Src/tim.c     **** 
 129:Src/tim.c     ****   /* USER CODE BEGIN TIM1_MspPostInit 1 */
 130:Src/tim.c     **** 
 131:Src/tim.c     ****   /* USER CODE END TIM1_MspPostInit 1 */
 132:Src/tim.c     ****   }
 133:Src/tim.c     **** 
 134:Src/tim.c     **** }
 120              		.loc 1 134 0
 121 0018 07B0     		add	sp, sp, #28
 122              	.LCFI5:
 123              		.cfi_remember_state
 124              		.cfi_def_cfa_offset 4
 125              		@ sp needed
 126 001a 5DF804FB 		ldr	pc, [sp], #4
 127              	.LVL6:
 128              	.L13:
 129              	.LCFI6:
 130              		.cfi_restore_state
 131              	.LBB3:
 116:Src/tim.c     ****     /**TIM1 GPIO Configuration    
 132              		.loc 1 116 0
 133 001e 0023     		movs	r3, #0
 134 0020 0093     		str	r3, [sp]
 135 0022 0C4B     		ldr	r3, .L14+4
 136 0024 1A6B     		ldr	r2, [r3, #48]
 137 0026 42F00102 		orr	r2, r2, #1
 138 002a 1A63     		str	r2, [r3, #48]
 139 002c 1B6B     		ldr	r3, [r3, #48]
 140 002e 03F00103 		and	r3, r3, #1
 141 0032 0093     		str	r3, [sp]
 142 0034 009B     		ldr	r3, [sp]
 143              	.LBE3:
 122:Src/tim.c     ****     GPIO_InitStruct.Mode = GPIO_MODE_AF_PP;
 144              		.loc 1 122 0
 145 0036 4FF4E063 		mov	r3, #1792
 146 003a 0193     		str	r3, [sp, #4]
 123:Src/tim.c     ****     GPIO_InitStruct.Pull = GPIO_NOPULL;
 147              		.loc 1 123 0
 148 003c 0223     		movs	r3, #2
 149 003e 0293     		str	r3, [sp, #8]
 125:Src/tim.c     ****     GPIO_InitStruct.Alternate = GPIO_AF1_TIM1;
ARM GAS  C:\Users\Cairne\AppData\Local\Temp\cc3kL0ld.s 			page 6


 150              		.loc 1 125 0
 151 0040 0493     		str	r3, [sp, #16]
 126:Src/tim.c     ****     HAL_GPIO_Init(GPIOA, &GPIO_InitStruct);
 152              		.loc 1 126 0
 153 0042 0123     		movs	r3, #1
 154 0044 0593     		str	r3, [sp, #20]
 127:Src/tim.c     **** 
 155              		.loc 1 127 0
 156 0046 01A9     		add	r1, sp, #4
 157 0048 0348     		ldr	r0, .L14+8
 158              	.LVL7:
 159 004a FFF7FEFF 		bl	HAL_GPIO_Init
 160              	.LVL8:
 161              		.loc 1 134 0
 162 004e E3E7     		b	.L10
 163              	.L15:
 164              		.align	2
 165              	.L14:
 166 0050 00000140 		.word	1073807360
 167 0054 00380240 		.word	1073887232
 168 0058 00000240 		.word	1073872896
 169              		.cfi_endproc
 170              	.LFE132:
 172              		.section	.text.MX_TIM1_Init,"ax",%progbits
 173              		.align	1
 174              		.global	MX_TIM1_Init
 175              		.syntax unified
 176              		.thumb
 177              		.thumb_func
 178              		.fpu fpv4-sp-d16
 180              	MX_TIM1_Init:
 181              	.LFB130:
  31:Src/tim.c     ****   TIM_MasterConfigTypeDef sMasterConfig = {0};
 182              		.loc 1 31 0
 183              		.cfi_startproc
 184              		@ args = 0, pretend = 0, frame = 72
 185              		@ frame_needed = 0, uses_anonymous_args = 0
 186 0000 10B5     		push	{r4, lr}
 187              	.LCFI7:
 188              		.cfi_def_cfa_offset 8
 189              		.cfi_offset 4, -8
 190              		.cfi_offset 14, -4
 191 0002 92B0     		sub	sp, sp, #72
 192              	.LCFI8:
 193              		.cfi_def_cfa_offset 80
  32:Src/tim.c     ****   TIM_OC_InitTypeDef sConfigOC = {0};
 194              		.loc 1 32 0
 195 0004 0024     		movs	r4, #0
 196 0006 1094     		str	r4, [sp, #64]
 197 0008 1194     		str	r4, [sp, #68]
  33:Src/tim.c     ****   TIM_BreakDeadTimeConfigTypeDef sBreakDeadTimeConfig = {0};
 198              		.loc 1 33 0
 199 000a 0994     		str	r4, [sp, #36]
 200 000c 0A94     		str	r4, [sp, #40]
 201 000e 0B94     		str	r4, [sp, #44]
 202 0010 0C94     		str	r4, [sp, #48]
 203 0012 0D94     		str	r4, [sp, #52]
ARM GAS  C:\Users\Cairne\AppData\Local\Temp\cc3kL0ld.s 			page 7


 204 0014 0E94     		str	r4, [sp, #56]
 205 0016 0F94     		str	r4, [sp, #60]
  34:Src/tim.c     **** 
 206              		.loc 1 34 0
 207 0018 2022     		movs	r2, #32
 208 001a 2146     		mov	r1, r4
 209 001c 01A8     		add	r0, sp, #4
 210 001e FFF7FEFF 		bl	memset
 211              	.LVL9:
  36:Src/tim.c     ****   htim1.Init.Prescaler = 0;
 212              		.loc 1 36 0
 213 0022 2C48     		ldr	r0, .L30
 214 0024 2C4B     		ldr	r3, .L30+4
 215 0026 0360     		str	r3, [r0]
  37:Src/tim.c     ****   htim1.Init.CounterMode = TIM_COUNTERMODE_UP;
 216              		.loc 1 37 0
 217 0028 4460     		str	r4, [r0, #4]
  38:Src/tim.c     ****   htim1.Init.Period = 9883;
 218              		.loc 1 38 0
 219 002a 8460     		str	r4, [r0, #8]
  39:Src/tim.c     ****   htim1.Init.ClockDivision = TIM_CLOCKDIVISION_DIV1;
 220              		.loc 1 39 0
 221 002c 42F29B63 		movw	r3, #9883
 222 0030 C360     		str	r3, [r0, #12]
  40:Src/tim.c     ****   htim1.Init.RepetitionCounter = 0;
 223              		.loc 1 40 0
 224 0032 0461     		str	r4, [r0, #16]
  41:Src/tim.c     ****   htim1.Init.AutoReloadPreload = TIM_AUTORELOAD_PRELOAD_DISABLE;
 225              		.loc 1 41 0
 226 0034 4461     		str	r4, [r0, #20]
  42:Src/tim.c     ****   if (HAL_TIM_PWM_Init(&htim1) != HAL_OK)
 227              		.loc 1 42 0
 228 0036 8461     		str	r4, [r0, #24]
  43:Src/tim.c     ****   {
 229              		.loc 1 43 0
 230 0038 FFF7FEFF 		bl	HAL_TIM_PWM_Init
 231              	.LVL10:
 232 003c 0028     		cmp	r0, #0
 233 003e 36D1     		bne	.L24
 234              	.L17:
  47:Src/tim.c     ****   sMasterConfig.MasterSlaveMode = TIM_MASTERSLAVEMODE_DISABLE;
 235              		.loc 1 47 0
 236 0040 0023     		movs	r3, #0
 237 0042 1093     		str	r3, [sp, #64]
  48:Src/tim.c     ****   if (HAL_TIMEx_MasterConfigSynchronization(&htim1, &sMasterConfig) != HAL_OK)
 238              		.loc 1 48 0
 239 0044 1193     		str	r3, [sp, #68]
  49:Src/tim.c     ****   {
 240              		.loc 1 49 0
 241 0046 10A9     		add	r1, sp, #64
 242 0048 2248     		ldr	r0, .L30
 243 004a FFF7FEFF 		bl	HAL_TIMEx_MasterConfigSynchronization
 244              	.LVL11:
 245 004e 0028     		cmp	r0, #0
 246 0050 30D1     		bne	.L25
 247              	.L18:
  53:Src/tim.c     ****   sConfigOC.Pulse = 0;
ARM GAS  C:\Users\Cairne\AppData\Local\Temp\cc3kL0ld.s 			page 8


 248              		.loc 1 53 0
 249 0052 6023     		movs	r3, #96
 250 0054 0993     		str	r3, [sp, #36]
  54:Src/tim.c     ****   sConfigOC.OCPolarity = TIM_OCPOLARITY_HIGH;
 251              		.loc 1 54 0
 252 0056 0022     		movs	r2, #0
 253 0058 0A92     		str	r2, [sp, #40]
  55:Src/tim.c     ****   sConfigOC.OCNPolarity = TIM_OCNPOLARITY_HIGH;
 254              		.loc 1 55 0
 255 005a 0B92     		str	r2, [sp, #44]
  56:Src/tim.c     ****   sConfigOC.OCFastMode = TIM_OCFAST_DISABLE;
 256              		.loc 1 56 0
 257 005c 0C92     		str	r2, [sp, #48]
  57:Src/tim.c     ****   sConfigOC.OCIdleState = TIM_OCIDLESTATE_RESET;
 258              		.loc 1 57 0
 259 005e 0D92     		str	r2, [sp, #52]
  58:Src/tim.c     ****   sConfigOC.OCNIdleState = TIM_OCNIDLESTATE_RESET;
 260              		.loc 1 58 0
 261 0060 0E92     		str	r2, [sp, #56]
  59:Src/tim.c     ****   if (HAL_TIM_PWM_ConfigChannel(&htim1, &sConfigOC, TIM_CHANNEL_1) != HAL_OK)
 262              		.loc 1 59 0
 263 0062 0F92     		str	r2, [sp, #60]
  60:Src/tim.c     ****   {
 264              		.loc 1 60 0
 265 0064 09A9     		add	r1, sp, #36
 266 0066 1B48     		ldr	r0, .L30
 267 0068 FFF7FEFF 		bl	HAL_TIM_PWM_ConfigChannel
 268              	.LVL12:
 269 006c 28BB     		cbnz	r0, .L26
 270              	.L19:
  64:Src/tim.c     ****   {
 271              		.loc 1 64 0
 272 006e 0422     		movs	r2, #4
 273 0070 09A9     		add	r1, sp, #36
 274 0072 1848     		ldr	r0, .L30
 275 0074 FFF7FEFF 		bl	HAL_TIM_PWM_ConfigChannel
 276              	.LVL13:
 277 0078 10BB     		cbnz	r0, .L27
 278              	.L20:
  68:Src/tim.c     ****   {
 279              		.loc 1 68 0
 280 007a 0822     		movs	r2, #8
 281 007c 09A9     		add	r1, sp, #36
 282 007e 1548     		ldr	r0, .L30
 283 0080 FFF7FEFF 		bl	HAL_TIM_PWM_ConfigChannel
 284              	.LVL14:
 285 0084 F8B9     		cbnz	r0, .L28
 286              	.L21:
  72:Src/tim.c     ****   sBreakDeadTimeConfig.OffStateIDLEMode = TIM_OSSI_DISABLE;
 287              		.loc 1 72 0
 288 0086 0023     		movs	r3, #0
 289 0088 0193     		str	r3, [sp, #4]
  73:Src/tim.c     ****   sBreakDeadTimeConfig.LockLevel = TIM_LOCKLEVEL_OFF;
 290              		.loc 1 73 0
 291 008a 0293     		str	r3, [sp, #8]
  74:Src/tim.c     ****   sBreakDeadTimeConfig.DeadTime = 0;
 292              		.loc 1 74 0
ARM GAS  C:\Users\Cairne\AppData\Local\Temp\cc3kL0ld.s 			page 9


 293 008c 0393     		str	r3, [sp, #12]
  75:Src/tim.c     ****   sBreakDeadTimeConfig.BreakState = TIM_BREAK_DISABLE;
 294              		.loc 1 75 0
 295 008e 0493     		str	r3, [sp, #16]
  76:Src/tim.c     ****   sBreakDeadTimeConfig.BreakPolarity = TIM_BREAKPOLARITY_HIGH;
 296              		.loc 1 76 0
 297 0090 0593     		str	r3, [sp, #20]
  77:Src/tim.c     ****   sBreakDeadTimeConfig.AutomaticOutput = TIM_AUTOMATICOUTPUT_DISABLE;
 298              		.loc 1 77 0
 299 0092 4FF40052 		mov	r2, #8192
 300 0096 0692     		str	r2, [sp, #24]
  78:Src/tim.c     ****   if (HAL_TIMEx_ConfigBreakDeadTime(&htim1, &sBreakDeadTimeConfig) != HAL_OK)
 301              		.loc 1 78 0
 302 0098 0893     		str	r3, [sp, #32]
  79:Src/tim.c     ****   {
 303              		.loc 1 79 0
 304 009a 01A9     		add	r1, sp, #4
 305 009c 0D48     		ldr	r0, .L30
 306 009e FFF7FEFF 		bl	HAL_TIMEx_ConfigBreakDeadTime
 307              	.LVL15:
 308 00a2 98B9     		cbnz	r0, .L29
 309              	.L22:
  83:Src/tim.c     **** 
 310              		.loc 1 83 0
 311 00a4 0B48     		ldr	r0, .L30
 312 00a6 FFF7FEFF 		bl	HAL_TIM_MspPostInit
 313              	.LVL16:
  85:Src/tim.c     **** 
 314              		.loc 1 85 0
 315 00aa 12B0     		add	sp, sp, #72
 316              	.LCFI9:
 317              		.cfi_remember_state
 318              		.cfi_def_cfa_offset 8
 319              		@ sp needed
 320 00ac 10BD     		pop	{r4, pc}
 321              	.L24:
 322              	.LCFI10:
 323              		.cfi_restore_state
  45:Src/tim.c     ****   }
 324              		.loc 1 45 0
 325 00ae FFF7FEFF 		bl	Error_Handler
 326              	.LVL17:
 327 00b2 C5E7     		b	.L17
 328              	.L25:
  51:Src/tim.c     ****   }
 329              		.loc 1 51 0
 330 00b4 FFF7FEFF 		bl	Error_Handler
 331              	.LVL18:
 332 00b8 CBE7     		b	.L18
 333              	.L26:
  62:Src/tim.c     ****   }
 334              		.loc 1 62 0
 335 00ba FFF7FEFF 		bl	Error_Handler
 336              	.LVL19:
 337 00be D6E7     		b	.L19
 338              	.L27:
  66:Src/tim.c     ****   }
ARM GAS  C:\Users\Cairne\AppData\Local\Temp\cc3kL0ld.s 			page 10


 339              		.loc 1 66 0
 340 00c0 FFF7FEFF 		bl	Error_Handler
 341              	.LVL20:
 342 00c4 D9E7     		b	.L20
 343              	.L28:
  70:Src/tim.c     ****   }
 344              		.loc 1 70 0
 345 00c6 FFF7FEFF 		bl	Error_Handler
 346              	.LVL21:
 347 00ca DCE7     		b	.L21
 348              	.L29:
  81:Src/tim.c     ****   }
 349              		.loc 1 81 0
 350 00cc FFF7FEFF 		bl	Error_Handler
 351              	.LVL22:
 352 00d0 E8E7     		b	.L22
 353              	.L31:
 354 00d2 00BF     		.align	2
 355              	.L30:
 356 00d4 00000000 		.word	htim1
 357 00d8 00000140 		.word	1073807360
 358              		.cfi_endproc
 359              	.LFE130:
 361              		.section	.text.HAL_TIM_PWM_MspDeInit,"ax",%progbits
 362              		.align	1
 363              		.global	HAL_TIM_PWM_MspDeInit
 364              		.syntax unified
 365              		.thumb
 366              		.thumb_func
 367              		.fpu fpv4-sp-d16
 369              	HAL_TIM_PWM_MspDeInit:
 370              	.LFB133:
 135:Src/tim.c     **** 
 136:Src/tim.c     **** void HAL_TIM_PWM_MspDeInit(TIM_HandleTypeDef* tim_pwmHandle)
 137:Src/tim.c     **** {
 371              		.loc 1 137 0
 372              		.cfi_startproc
 373              		@ args = 0, pretend = 0, frame = 0
 374              		@ frame_needed = 0, uses_anonymous_args = 0
 375              	.LVL23:
 376 0000 08B5     		push	{r3, lr}
 377              	.LCFI11:
 378              		.cfi_def_cfa_offset 8
 379              		.cfi_offset 3, -8
 380              		.cfi_offset 14, -4
 138:Src/tim.c     **** 
 139:Src/tim.c     ****   if(tim_pwmHandle->Instance==TIM1)
 381              		.loc 1 139 0
 382 0002 0268     		ldr	r2, [r0]
 383 0004 064B     		ldr	r3, .L36
 384 0006 9A42     		cmp	r2, r3
 385 0008 00D0     		beq	.L35
 386              	.LVL24:
 387              	.L32:
 140:Src/tim.c     ****   {
 141:Src/tim.c     ****   /* USER CODE BEGIN TIM1_MspDeInit 0 */
 142:Src/tim.c     **** 
ARM GAS  C:\Users\Cairne\AppData\Local\Temp\cc3kL0ld.s 			page 11


 143:Src/tim.c     ****   /* USER CODE END TIM1_MspDeInit 0 */
 144:Src/tim.c     ****     /* Peripheral clock disable */
 145:Src/tim.c     ****     __HAL_RCC_TIM1_CLK_DISABLE();
 146:Src/tim.c     **** 
 147:Src/tim.c     ****     /* TIM1 interrupt Deinit */
 148:Src/tim.c     ****     HAL_NVIC_DisableIRQ(TIM1_UP_TIM10_IRQn);
 149:Src/tim.c     ****   /* USER CODE BEGIN TIM1_MspDeInit 1 */
 150:Src/tim.c     **** 
 151:Src/tim.c     ****   /* USER CODE END TIM1_MspDeInit 1 */
 152:Src/tim.c     ****   }
 153:Src/tim.c     **** } 
 388              		.loc 1 153 0
 389 000a 08BD     		pop	{r3, pc}
 390              	.LVL25:
 391              	.L35:
 145:Src/tim.c     **** 
 392              		.loc 1 145 0
 393 000c 054A     		ldr	r2, .L36+4
 394 000e 536C     		ldr	r3, [r2, #68]
 395 0010 23F00103 		bic	r3, r3, #1
 396 0014 5364     		str	r3, [r2, #68]
 148:Src/tim.c     ****   /* USER CODE BEGIN TIM1_MspDeInit 1 */
 397              		.loc 1 148 0
 398 0016 1920     		movs	r0, #25
 399              	.LVL26:
 400 0018 FFF7FEFF 		bl	HAL_NVIC_DisableIRQ
 401              	.LVL27:
 402              		.loc 1 153 0
 403 001c F5E7     		b	.L32
 404              	.L37:
 405 001e 00BF     		.align	2
 406              	.L36:
 407 0020 00000140 		.word	1073807360
 408 0024 00380240 		.word	1073887232
 409              		.cfi_endproc
 410              	.LFE133:
 412              		.comm	htim1,64,4
 413              		.text
 414              	.Letext0:
 415              		.file 2 "c:\\program files (x86)\\gnu tools arm embedded\\7 2018-q2-update\\arm-none-eabi\\include
 416              		.file 3 "c:\\program files (x86)\\gnu tools arm embedded\\7 2018-q2-update\\arm-none-eabi\\include
 417              		.file 4 "Drivers/CMSIS/Include/core_cm4.h"
 418              		.file 5 "Drivers/CMSIS/Device/ST/STM32F4xx/Include/system_stm32f4xx.h"
 419              		.file 6 "Drivers/CMSIS/Device/ST/STM32F4xx/Include/stm32f405xx.h"
 420              		.file 7 "Drivers/STM32F4xx_HAL_Driver/Inc/stm32f4xx_hal_def.h"
 421              		.file 8 "Drivers/STM32F4xx_HAL_Driver/Inc/stm32f4xx_hal_gpio.h"
 422              		.file 9 "Drivers/STM32F4xx_HAL_Driver/Inc/stm32f4xx_hal_dma.h"
 423              		.file 10 "Drivers/STM32F4xx_HAL_Driver/Inc/stm32f4xx_hal_tim.h"
 424              		.file 11 "Inc/tim.h"
 425              		.file 12 "Drivers/STM32F4xx_HAL_Driver/Inc/stm32f4xx_hal_cortex.h"
 426              		.file 13 "Drivers/STM32F4xx_HAL_Driver/Inc/stm32f4xx_hal_tim_ex.h"
 427              		.file 14 "Inc/main.h"
 428              		.file 15 "<built-in>"
ARM GAS  C:\Users\Cairne\AppData\Local\Temp\cc3kL0ld.s 			page 12


DEFINED SYMBOLS
                            *ABS*:00000000 tim.c
C:\Users\Cairne\AppData\Local\Temp\cc3kL0ld.s:18     .text.HAL_TIM_PWM_MspInit:00000000 $t
C:\Users\Cairne\AppData\Local\Temp\cc3kL0ld.s:25     .text.HAL_TIM_PWM_MspInit:00000000 HAL_TIM_PWM_MspInit
C:\Users\Cairne\AppData\Local\Temp\cc3kL0ld.s:80     .text.HAL_TIM_PWM_MspInit:0000003c $d
C:\Users\Cairne\AppData\Local\Temp\cc3kL0ld.s:85     .text.HAL_TIM_MspPostInit:00000000 $t
C:\Users\Cairne\AppData\Local\Temp\cc3kL0ld.s:92     .text.HAL_TIM_MspPostInit:00000000 HAL_TIM_MspPostInit
C:\Users\Cairne\AppData\Local\Temp\cc3kL0ld.s:166    .text.HAL_TIM_MspPostInit:00000050 $d
C:\Users\Cairne\AppData\Local\Temp\cc3kL0ld.s:173    .text.MX_TIM1_Init:00000000 $t
C:\Users\Cairne\AppData\Local\Temp\cc3kL0ld.s:180    .text.MX_TIM1_Init:00000000 MX_TIM1_Init
C:\Users\Cairne\AppData\Local\Temp\cc3kL0ld.s:356    .text.MX_TIM1_Init:000000d4 $d
                            *COM*:00000040 htim1
C:\Users\Cairne\AppData\Local\Temp\cc3kL0ld.s:362    .text.HAL_TIM_PWM_MspDeInit:00000000 $t
C:\Users\Cairne\AppData\Local\Temp\cc3kL0ld.s:369    .text.HAL_TIM_PWM_MspDeInit:00000000 HAL_TIM_PWM_MspDeInit
C:\Users\Cairne\AppData\Local\Temp\cc3kL0ld.s:407    .text.HAL_TIM_PWM_MspDeInit:00000020 $d

UNDEFINED SYMBOLS
HAL_NVIC_SetPriority
HAL_NVIC_EnableIRQ
HAL_GPIO_Init
memset
HAL_TIM_PWM_Init
HAL_TIMEx_MasterConfigSynchronization
HAL_TIM_PWM_ConfigChannel
HAL_TIMEx_ConfigBreakDeadTime
Error_Handler
HAL_NVIC_DisableIRQ
