ARM GAS  C:\Users\Cairne\AppData\Local\Temp\cc3UyJme.s 			page 1


   1              		.cpu cortex-m4
   2              		.eabi_attribute 27, 1
   3              		.eabi_attribute 28, 1
   4              		.eabi_attribute 20, 1
   5              		.eabi_attribute 21, 1
   6              		.eabi_attribute 23, 3
   7              		.eabi_attribute 24, 1
   8              		.eabi_attribute 25, 1
   9              		.eabi_attribute 26, 1
  10              		.eabi_attribute 30, 1
  11              		.eabi_attribute 34, 1
  12              		.eabi_attribute 18, 4
  13              		.file	"usart.c"
  14              		.text
  15              	.Ltext0:
  16              		.cfi_sections	.debug_frame
  17              		.section	.text.MX_USART1_UART_Init,"ax",%progbits
  18              		.align	1
  19              		.global	MX_USART1_UART_Init
  20              		.syntax unified
  21              		.thumb
  22              		.thumb_func
  23              		.fpu fpv4-sp-d16
  25              	MX_USART1_UART_Init:
  26              	.LFB130:
  27              		.file 1 "Src/usart.c"
   1:Src/usart.c   **** /**
   2:Src/usart.c   ****   ******************************************************************************
   3:Src/usart.c   ****   * File Name          : USART.c
   4:Src/usart.c   ****   * Description        : This file provides code for the configuration
   5:Src/usart.c   ****   *                      of the USART instances.
   6:Src/usart.c   ****   ******************************************************************************
   7:Src/usart.c   ****   * @attention
   8:Src/usart.c   ****   *
   9:Src/usart.c   ****   * <h2><center>&copy; Copyright (c) 2019 STMicroelectronics.
  10:Src/usart.c   ****   * All rights reserved.</center></h2>
  11:Src/usart.c   ****   *
  12:Src/usart.c   ****   * This software component is licensed by ST under BSD 3-Clause license,
  13:Src/usart.c   ****   * the "License"; You may not use this file except in compliance with the
  14:Src/usart.c   ****   * License. You may obtain a copy of the License at:
  15:Src/usart.c   ****   *                        opensource.org/licenses/BSD-3-Clause
  16:Src/usart.c   ****   *
  17:Src/usart.c   ****   ******************************************************************************
  18:Src/usart.c   ****   */
  19:Src/usart.c   **** 
  20:Src/usart.c   **** /* Includes ------------------------------------------------------------------*/
  21:Src/usart.c   **** #include "usart.h"
  22:Src/usart.c   **** 
  23:Src/usart.c   **** /* USER CODE BEGIN 0 */
  24:Src/usart.c   **** 
  25:Src/usart.c   **** /* USER CODE END 0 */
  26:Src/usart.c   **** 
  27:Src/usart.c   **** UART_HandleTypeDef huart1;
  28:Src/usart.c   **** 
  29:Src/usart.c   **** /* USART1 init function */
  30:Src/usart.c   **** 
  31:Src/usart.c   **** void MX_USART1_UART_Init(void)
ARM GAS  C:\Users\Cairne\AppData\Local\Temp\cc3UyJme.s 			page 2


  32:Src/usart.c   **** {
  28              		.loc 1 32 0
  29              		.cfi_startproc
  30              		@ args = 0, pretend = 0, frame = 0
  31              		@ frame_needed = 0, uses_anonymous_args = 0
  32 0000 08B5     		push	{r3, lr}
  33              	.LCFI0:
  34              		.cfi_def_cfa_offset 8
  35              		.cfi_offset 3, -8
  36              		.cfi_offset 14, -4
  33:Src/usart.c   **** 
  34:Src/usart.c   ****   huart1.Instance = USART1;
  37              		.loc 1 34 0
  38 0002 0A48     		ldr	r0, .L5
  39 0004 0A4B     		ldr	r3, .L5+4
  40 0006 0360     		str	r3, [r0]
  35:Src/usart.c   ****   huart1.Init.BaudRate = 115200;
  41              		.loc 1 35 0
  42 0008 4FF4E133 		mov	r3, #115200
  43 000c 4360     		str	r3, [r0, #4]
  36:Src/usart.c   ****   huart1.Init.WordLength = UART_WORDLENGTH_8B;
  44              		.loc 1 36 0
  45 000e 0023     		movs	r3, #0
  46 0010 8360     		str	r3, [r0, #8]
  37:Src/usart.c   ****   huart1.Init.StopBits = UART_STOPBITS_1;
  47              		.loc 1 37 0
  48 0012 C360     		str	r3, [r0, #12]
  38:Src/usart.c   ****   huart1.Init.Parity = UART_PARITY_NONE;
  49              		.loc 1 38 0
  50 0014 0361     		str	r3, [r0, #16]
  39:Src/usart.c   ****   huart1.Init.Mode = UART_MODE_TX_RX;
  51              		.loc 1 39 0
  52 0016 0C22     		movs	r2, #12
  53 0018 4261     		str	r2, [r0, #20]
  40:Src/usart.c   ****   huart1.Init.HwFlowCtl = UART_HWCONTROL_NONE;
  54              		.loc 1 40 0
  55 001a 8361     		str	r3, [r0, #24]
  41:Src/usart.c   ****   huart1.Init.OverSampling = UART_OVERSAMPLING_16;
  56              		.loc 1 41 0
  57 001c C361     		str	r3, [r0, #28]
  42:Src/usart.c   ****   if (HAL_UART_Init(&huart1) != HAL_OK)
  58              		.loc 1 42 0
  59 001e FFF7FEFF 		bl	HAL_UART_Init
  60              	.LVL0:
  61 0022 00B9     		cbnz	r0, .L4
  62              	.L1:
  43:Src/usart.c   ****   {
  44:Src/usart.c   ****     Error_Handler();
  45:Src/usart.c   ****   }
  46:Src/usart.c   **** 
  47:Src/usart.c   **** }
  63              		.loc 1 47 0
  64 0024 08BD     		pop	{r3, pc}
  65              	.L4:
  44:Src/usart.c   ****   }
  66              		.loc 1 44 0
  67 0026 FFF7FEFF 		bl	Error_Handler
ARM GAS  C:\Users\Cairne\AppData\Local\Temp\cc3UyJme.s 			page 3


  68              	.LVL1:
  69              		.loc 1 47 0
  70 002a FBE7     		b	.L1
  71              	.L6:
  72              		.align	2
  73              	.L5:
  74 002c 00000000 		.word	huart1
  75 0030 00100140 		.word	1073811456
  76              		.cfi_endproc
  77              	.LFE130:
  79              		.section	.text.HAL_UART_MspInit,"ax",%progbits
  80              		.align	1
  81              		.global	HAL_UART_MspInit
  82              		.syntax unified
  83              		.thumb
  84              		.thumb_func
  85              		.fpu fpv4-sp-d16
  87              	HAL_UART_MspInit:
  88              	.LFB131:
  48:Src/usart.c   **** 
  49:Src/usart.c   **** void HAL_UART_MspInit(UART_HandleTypeDef* uartHandle)
  50:Src/usart.c   **** {
  89              		.loc 1 50 0
  90              		.cfi_startproc
  91              		@ args = 0, pretend = 0, frame = 32
  92              		@ frame_needed = 0, uses_anonymous_args = 0
  93              	.LVL2:
  94 0000 00B5     		push	{lr}
  95              	.LCFI1:
  96              		.cfi_def_cfa_offset 4
  97              		.cfi_offset 14, -4
  98 0002 89B0     		sub	sp, sp, #36
  99              	.LCFI2:
 100              		.cfi_def_cfa_offset 40
  51:Src/usart.c   **** 
  52:Src/usart.c   ****   GPIO_InitTypeDef GPIO_InitStruct = {0};
 101              		.loc 1 52 0
 102 0004 0023     		movs	r3, #0
 103 0006 0393     		str	r3, [sp, #12]
 104 0008 0493     		str	r3, [sp, #16]
 105 000a 0593     		str	r3, [sp, #20]
 106 000c 0693     		str	r3, [sp, #24]
 107 000e 0793     		str	r3, [sp, #28]
  53:Src/usart.c   ****   if(uartHandle->Instance==USART1)
 108              		.loc 1 53 0
 109 0010 0268     		ldr	r2, [r0]
 110 0012 03F18043 		add	r3, r3, #1073741824
 111 0016 03F58833 		add	r3, r3, #69632
 112 001a 9A42     		cmp	r2, r3
 113 001c 02D0     		beq	.L10
 114              	.LVL3:
 115              	.L7:
  54:Src/usart.c   ****   {
  55:Src/usart.c   ****   /* USER CODE BEGIN USART1_MspInit 0 */
  56:Src/usart.c   **** 
  57:Src/usart.c   ****   /* USER CODE END USART1_MspInit 0 */
  58:Src/usart.c   ****     /* USART1 clock enable */
ARM GAS  C:\Users\Cairne\AppData\Local\Temp\cc3UyJme.s 			page 4


  59:Src/usart.c   ****     __HAL_RCC_USART1_CLK_ENABLE();
  60:Src/usart.c   ****   
  61:Src/usart.c   ****     __HAL_RCC_GPIOB_CLK_ENABLE();
  62:Src/usart.c   ****     /**USART1 GPIO Configuration    
  63:Src/usart.c   ****     PB6     ------> USART1_TX
  64:Src/usart.c   ****     PB7     ------> USART1_RX 
  65:Src/usart.c   ****     */
  66:Src/usart.c   ****     GPIO_InitStruct.Pin = GPIO_PIN_6|GPIO_PIN_7;
  67:Src/usart.c   ****     GPIO_InitStruct.Mode = GPIO_MODE_AF_PP;
  68:Src/usart.c   ****     GPIO_InitStruct.Pull = GPIO_PULLUP;
  69:Src/usart.c   ****     GPIO_InitStruct.Speed = GPIO_SPEED_FREQ_VERY_HIGH;
  70:Src/usart.c   ****     GPIO_InitStruct.Alternate = GPIO_AF7_USART1;
  71:Src/usart.c   ****     HAL_GPIO_Init(GPIOB, &GPIO_InitStruct);
  72:Src/usart.c   **** 
  73:Src/usart.c   ****   /* USER CODE BEGIN USART1_MspInit 1 */
  74:Src/usart.c   **** 
  75:Src/usart.c   ****   /* USER CODE END USART1_MspInit 1 */
  76:Src/usart.c   ****   }
  77:Src/usart.c   **** }
 116              		.loc 1 77 0
 117 001e 09B0     		add	sp, sp, #36
 118              	.LCFI3:
 119              		.cfi_remember_state
 120              		.cfi_def_cfa_offset 4
 121              		@ sp needed
 122 0020 5DF804FB 		ldr	pc, [sp], #4
 123              	.LVL4:
 124              	.L10:
 125              	.LCFI4:
 126              		.cfi_restore_state
 127              	.LBB2:
  59:Src/usart.c   ****   
 128              		.loc 1 59 0
 129 0024 0021     		movs	r1, #0
 130 0026 0191     		str	r1, [sp, #4]
 131 0028 03F59433 		add	r3, r3, #75776
 132 002c 5A6C     		ldr	r2, [r3, #68]
 133 002e 42F01002 		orr	r2, r2, #16
 134 0032 5A64     		str	r2, [r3, #68]
 135 0034 5A6C     		ldr	r2, [r3, #68]
 136 0036 02F01002 		and	r2, r2, #16
 137 003a 0192     		str	r2, [sp, #4]
 138 003c 019A     		ldr	r2, [sp, #4]
 139              	.LBE2:
 140              	.LBB3:
  61:Src/usart.c   ****     /**USART1 GPIO Configuration    
 141              		.loc 1 61 0
 142 003e 0291     		str	r1, [sp, #8]
 143 0040 1A6B     		ldr	r2, [r3, #48]
 144 0042 42F00202 		orr	r2, r2, #2
 145 0046 1A63     		str	r2, [r3, #48]
 146 0048 1B6B     		ldr	r3, [r3, #48]
 147 004a 03F00203 		and	r3, r3, #2
 148 004e 0293     		str	r3, [sp, #8]
 149 0050 029B     		ldr	r3, [sp, #8]
 150              	.LBE3:
  66:Src/usart.c   ****     GPIO_InitStruct.Mode = GPIO_MODE_AF_PP;
ARM GAS  C:\Users\Cairne\AppData\Local\Temp\cc3UyJme.s 			page 5


 151              		.loc 1 66 0
 152 0052 C023     		movs	r3, #192
 153 0054 0393     		str	r3, [sp, #12]
  67:Src/usart.c   ****     GPIO_InitStruct.Pull = GPIO_PULLUP;
 154              		.loc 1 67 0
 155 0056 0223     		movs	r3, #2
 156 0058 0493     		str	r3, [sp, #16]
  68:Src/usart.c   ****     GPIO_InitStruct.Speed = GPIO_SPEED_FREQ_VERY_HIGH;
 157              		.loc 1 68 0
 158 005a 0123     		movs	r3, #1
 159 005c 0593     		str	r3, [sp, #20]
  69:Src/usart.c   ****     GPIO_InitStruct.Alternate = GPIO_AF7_USART1;
 160              		.loc 1 69 0
 161 005e 0323     		movs	r3, #3
 162 0060 0693     		str	r3, [sp, #24]
  70:Src/usart.c   ****     HAL_GPIO_Init(GPIOB, &GPIO_InitStruct);
 163              		.loc 1 70 0
 164 0062 0723     		movs	r3, #7
 165 0064 0793     		str	r3, [sp, #28]
  71:Src/usart.c   **** 
 166              		.loc 1 71 0
 167 0066 03A9     		add	r1, sp, #12
 168 0068 0148     		ldr	r0, .L11
 169              	.LVL5:
 170 006a FFF7FEFF 		bl	HAL_GPIO_Init
 171              	.LVL6:
 172              		.loc 1 77 0
 173 006e D6E7     		b	.L7
 174              	.L12:
 175              		.align	2
 176              	.L11:
 177 0070 00040240 		.word	1073873920
 178              		.cfi_endproc
 179              	.LFE131:
 181              		.section	.text.HAL_UART_MspDeInit,"ax",%progbits
 182              		.align	1
 183              		.global	HAL_UART_MspDeInit
 184              		.syntax unified
 185              		.thumb
 186              		.thumb_func
 187              		.fpu fpv4-sp-d16
 189              	HAL_UART_MspDeInit:
 190              	.LFB132:
  78:Src/usart.c   **** 
  79:Src/usart.c   **** void HAL_UART_MspDeInit(UART_HandleTypeDef* uartHandle)
  80:Src/usart.c   **** {
 191              		.loc 1 80 0
 192              		.cfi_startproc
 193              		@ args = 0, pretend = 0, frame = 0
 194              		@ frame_needed = 0, uses_anonymous_args = 0
 195              	.LVL7:
 196 0000 08B5     		push	{r3, lr}
 197              	.LCFI5:
 198              		.cfi_def_cfa_offset 8
 199              		.cfi_offset 3, -8
 200              		.cfi_offset 14, -4
  81:Src/usart.c   **** 
ARM GAS  C:\Users\Cairne\AppData\Local\Temp\cc3UyJme.s 			page 6


  82:Src/usart.c   ****   if(uartHandle->Instance==USART1)
 201              		.loc 1 82 0
 202 0002 0268     		ldr	r2, [r0]
 203 0004 064B     		ldr	r3, .L17
 204 0006 9A42     		cmp	r2, r3
 205 0008 00D0     		beq	.L16
 206              	.LVL8:
 207              	.L13:
  83:Src/usart.c   ****   {
  84:Src/usart.c   ****   /* USER CODE BEGIN USART1_MspDeInit 0 */
  85:Src/usart.c   **** 
  86:Src/usart.c   ****   /* USER CODE END USART1_MspDeInit 0 */
  87:Src/usart.c   ****     /* Peripheral clock disable */
  88:Src/usart.c   ****     __HAL_RCC_USART1_CLK_DISABLE();
  89:Src/usart.c   ****   
  90:Src/usart.c   ****     /**USART1 GPIO Configuration    
  91:Src/usart.c   ****     PB6     ------> USART1_TX
  92:Src/usart.c   ****     PB7     ------> USART1_RX 
  93:Src/usart.c   ****     */
  94:Src/usart.c   ****     HAL_GPIO_DeInit(GPIOB, GPIO_PIN_6|GPIO_PIN_7);
  95:Src/usart.c   **** 
  96:Src/usart.c   ****   /* USER CODE BEGIN USART1_MspDeInit 1 */
  97:Src/usart.c   **** 
  98:Src/usart.c   ****   /* USER CODE END USART1_MspDeInit 1 */
  99:Src/usart.c   ****   }
 100:Src/usart.c   **** } 
 208              		.loc 1 100 0
 209 000a 08BD     		pop	{r3, pc}
 210              	.LVL9:
 211              	.L16:
  88:Src/usart.c   ****   
 212              		.loc 1 88 0
 213 000c 054A     		ldr	r2, .L17+4
 214 000e 536C     		ldr	r3, [r2, #68]
 215 0010 23F01003 		bic	r3, r3, #16
 216 0014 5364     		str	r3, [r2, #68]
  94:Src/usart.c   **** 
 217              		.loc 1 94 0
 218 0016 C021     		movs	r1, #192
 219 0018 0348     		ldr	r0, .L17+8
 220              	.LVL10:
 221 001a FFF7FEFF 		bl	HAL_GPIO_DeInit
 222              	.LVL11:
 223              		.loc 1 100 0
 224 001e F4E7     		b	.L13
 225              	.L18:
 226              		.align	2
 227              	.L17:
 228 0020 00100140 		.word	1073811456
 229 0024 00380240 		.word	1073887232
 230 0028 00040240 		.word	1073873920
 231              		.cfi_endproc
 232              	.LFE132:
 234              		.comm	huart1,64,4
 235              		.text
 236              	.Letext0:
 237              		.file 2 "c:\\program files (x86)\\gnu tools arm embedded\\7 2018-q2-update\\arm-none-eabi\\include
ARM GAS  C:\Users\Cairne\AppData\Local\Temp\cc3UyJme.s 			page 7


 238              		.file 3 "c:\\program files (x86)\\gnu tools arm embedded\\7 2018-q2-update\\arm-none-eabi\\include
 239              		.file 4 "Drivers/CMSIS/Include/core_cm4.h"
 240              		.file 5 "Drivers/CMSIS/Device/ST/STM32F4xx/Include/system_stm32f4xx.h"
 241              		.file 6 "Drivers/CMSIS/Device/ST/STM32F4xx/Include/stm32f405xx.h"
 242              		.file 7 "Drivers/STM32F4xx_HAL_Driver/Inc/stm32f4xx_hal_def.h"
 243              		.file 8 "Drivers/STM32F4xx_HAL_Driver/Inc/stm32f4xx_hal_gpio.h"
 244              		.file 9 "Drivers/STM32F4xx_HAL_Driver/Inc/stm32f4xx_hal_dma.h"
 245              		.file 10 "Drivers/STM32F4xx_HAL_Driver/Inc/stm32f4xx_hal_uart.h"
 246              		.file 11 "Inc/usart.h"
 247              		.file 12 "Inc/main.h"
ARM GAS  C:\Users\Cairne\AppData\Local\Temp\cc3UyJme.s 			page 8


DEFINED SYMBOLS
                            *ABS*:00000000 usart.c
C:\Users\Cairne\AppData\Local\Temp\cc3UyJme.s:18     .text.MX_USART1_UART_Init:00000000 $t
C:\Users\Cairne\AppData\Local\Temp\cc3UyJme.s:25     .text.MX_USART1_UART_Init:00000000 MX_USART1_UART_Init
C:\Users\Cairne\AppData\Local\Temp\cc3UyJme.s:74     .text.MX_USART1_UART_Init:0000002c $d
                            *COM*:00000040 huart1
C:\Users\Cairne\AppData\Local\Temp\cc3UyJme.s:80     .text.HAL_UART_MspInit:00000000 $t
C:\Users\Cairne\AppData\Local\Temp\cc3UyJme.s:87     .text.HAL_UART_MspInit:00000000 HAL_UART_MspInit
C:\Users\Cairne\AppData\Local\Temp\cc3UyJme.s:177    .text.HAL_UART_MspInit:00000070 $d
C:\Users\Cairne\AppData\Local\Temp\cc3UyJme.s:182    .text.HAL_UART_MspDeInit:00000000 $t
C:\Users\Cairne\AppData\Local\Temp\cc3UyJme.s:189    .text.HAL_UART_MspDeInit:00000000 HAL_UART_MspDeInit
C:\Users\Cairne\AppData\Local\Temp\cc3UyJme.s:228    .text.HAL_UART_MspDeInit:00000020 $d

UNDEFINED SYMBOLS
HAL_UART_Init
Error_Handler
HAL_GPIO_Init
HAL_GPIO_DeInit
